<?xml version="1.0" encoding="UTF-8"?>
<testng-results skipped="0" failed="0" total="2" passed="2">
  <reporter-output>
  </reporter-output>
  <suite name="Suite" duration-ms="204" started-at="2016-09-16T15:50:53Z" finished-at="2016-09-16T15:50:53Z">
    <groups>
    </groups>
    <test name="Test" duration-ms="204" started-at="2016-09-16T15:50:53Z" finished-at="2016-09-16T15:50:53Z">
      <class name="com.pack.F2">
        <test-method status="PASS" signature="Viber()[pri:0, instance:com.pack.F2@16905e]" name="Viber" duration-ms="0" started-at="2016-09-16T21:20:53Z" finished-at="2016-09-16T21:20:53Z">
          <reporter-output>
          </reporter-output>
        </test-method> <!-- Viber -->
      </class> <!-- com.pack.F2 -->
      <class name="com.pack.F1">
        <test-method status="PASS" signature="hike()[pri:0, instance:com.pack.F1@f5e5e3]" name="hike" duration-ms="78" started-at="2016-09-16T21:20:53Z" finished-at="2016-09-16T21:20:53Z">
          <reporter-output>
          </reporter-output>
        </test-method> <!-- hike -->
      </class> <!-- com.pack.F1 -->
    </test> <!-- Test -->
  </suite> <!-- Suite -->
</testng-results>
